Android/Scw/contactcard/build/intermediates/manifest_merge_blame_file/debug/manifest-merger-blame-debug-report.txt
1<?xml version="1.0" encoding="utf-8"?>
2<manifest xmlns:android="http://schemas.android.com/apk/res/android"
3    package="cn.rongcloud.contactcard"
4    android:versionCode="1"
5    android:versionName="1.0" >
6
7    <uses-sdk
8        android:minSdkVersion="11"
8-->src\main\AndroidManifest.xml
9        android:targetSdkVersion="19" />
9-->src\main\AndroidManifest.xml
10
11    <application
11-->src\main\AndroidManifest.xml:4:5-14:19
12        android:allowBackup="true"
12-->src\main\AndroidManifest.xml:5:9-35
13        android:supportsRtl="true" >
13-->src\main\AndroidManifest.xml:6:9-35
14        <activity
14-->src\main\AndroidManifest.xml:7:9-10:59
15            android:name="cn.rongcloud.contactcard.activities.ContactListActivity"
15-->src\main\AndroidManifest.xml:8:13-59
16            android:screenOrientation="portrait"
16-->src\main\AndroidManifest.xml:9:13-49
17            android:windowSoftInputMode="adjustNothing" />
17-->src\main\AndroidManifest.xml:10:13-56
18        <activity
18-->src\main\AndroidManifest.xml:12:9-13:58
19            android:name="cn.rongcloud.contactcard.activities.ContactDetailActivity"
19-->src\main\AndroidManifest.xml:12:19-67
20            android:theme="@android:style/Theme.Dialog" />
20-->src\main\AndroidManifest.xml:13:13-56
21    </application>
22
23</manifest>